<?xml version="1.0" encoding="UTF-8"?>
<testng-results ignored="0" total="1" passed="1" failed="0" skipped="0">
  <reporter-output>
  </reporter-output>
  <suite started-at="2021-10-04T11:37:30 EET" name="Default suite" finished-at="2021-10-04T11:37:44 EET" duration-ms="13743">
    <groups>
    </groups>
    <test started-at="2021-10-04T11:37:30 EET" name="Default test" finished-at="2021-10-04T11:37:44 EET" duration-ms="13743">
      <class name="Nagwaproject.Nagwaproject.Nagwa.Script">
        <test-method is-config="true" signature="openbrowser()[pri:0, instance:Nagwaproject.Nagwaproject.Nagwa.Script@7b02881e]" started-at="2021-10-04T11:37:30 EET" name="openbrowser" finished-at="2021-10-04T11:37:37 EET" duration-ms="6751" status="PASS">
          <reporter-output>
          </reporter-output>
        </test-method> <!-- openbrowser -->
        <test-method signature="task()[pri:0, instance:Nagwaproject.Nagwaproject.Nagwa.Script@7b02881e]" started-at="2021-10-04T11:37:37 EET" name="task" finished-at="2021-10-04T11:37:44 EET" duration-ms="6898" status="PASS">
          <reporter-output>
          </reporter-output>
        </test-method> <!-- task -->
        <test-method is-config="true" signature="afterTest()[pri:0, instance:Nagwaproject.Nagwaproject.Nagwa.Script@7b02881e]" started-at="2021-10-04T11:37:44 EET" name="afterTest" finished-at="2021-10-04T11:37:44 EET" duration-ms="1" status="PASS">
          <reporter-output>
          </reporter-output>
        </test-method> <!-- afterTest -->
      </class> <!-- Nagwaproject.Nagwaproject.Nagwa.Script -->
    </test> <!-- Default test -->
  </suite> <!-- Default suite -->
</testng-results>
